<?xml version="1.0" encoding="UTF-8"?>
<!-- Generated by org.testng.reporters.JUnitReportReporter -->
<testsuite hostname="Lenovo-P" name="TravelBussiness.WebDriverTest.CarrierTest" tests="1" failures="1" timestamp="13 Jul 2016 18:53:39 GMT" time="0.002" errors="0">
  <testcase name="CreateCarrierTest" time="0.002" classname="TravelBussiness.WebDriverTest.CarrierTest">
    <failure type="org.openqa.selenium.WebDriverException" message="Failed to connect to binary FirefoxBinary(C:\Program Files (x86)\Mozilla Firefox\firefox.exe) on port 7055; process output follows: 
&quot;:2,&quot;seen&quot;:true}
1468435975131	addons.xpi	DEBUG	Updating XPIState for {&quot;id&quot;:&quot;sp@avast.com&quot;,&quot;syncGUID&quot;:&quot;M8EqOzBfGuo1&quot;,&quot;location&quot;:&quot;winreg-app-global&quot;,&quot;version&quot;:&quot;10.3.5.39&quot;,&quot;type&quot;:&quot;extension&quot;,&quot;internalName&quot;:null,&quot;updateURL&quot;:null,&quot;updateKey&quot;:null,&quot;optionsURL&quot;:null,&quot;optionsType&quot;:null,&quot;aboutURL&quot;:null,&quot;icons&quot;:{},&quot;iconURL&quot;:&quot;chrome://sp/content/common/skin/img/logo-safeprice-48.png&quot;,&quot;icon64URL&quot;:null,&quot;defaultLocale&quot;:{&quot;name&quot;:&quot;Avast SafePrice&quot;,&quot;description&quot;:&quot;Safe shopping extension&quot;,&quot;creator&quot;:&quot;AVAST Software&quot;,&quot;homepageURL&quot;:&quot;http://www.avast.com/&quot;},&quot;visible&quot;:true,&quot;active&quot;:false,&quot;userDisabled&quot;:true,&quot;appDisabled&quot;:false,&quot;descriptor&quot;:&quot;C:\\Program Files\\AVAST Software\\Avast\\SafePrice\\FF&quot;,&quot;installDate&quot;:1465931782964,&quot;updateDate&quot;:1465931782964,&quot;applyBackgroundUpdates&quot;:1,&quot;bootstrap&quot;:true,&quot;skinnable&quot;:false,&quot;size&quot;:1877359,&quot;sourceURI&quot;:null,&quot;releaseNotesURI&quot;:null,&quot;softDisabled&quot;:false,&quot;foreignInstall&quot;:true,&quot;hasBinaryComponents&quot;:false,&quot;strictCompatibility&quot;:false,&quot;locales&quot;:[],&quot;targetApplications&quot;:[{&quot;id&quot;:&quot;{ec8030f7-c20a-464f-9b0e-13a3a9e97384}&quot;,&quot;minVersion&quot;:&quot;38.0a1&quot;,&quot;maxVersion&quot;:&quot;43.0&quot;}],&quot;targetPlatforms&quot;:[],&quot;multiprocessCompatible&quot;:false,&quot;signedState&quot;:2,&quot;seen&quot;:true}
1468435975131	DeferredSave.extensions.json	DEBUG	Save changes
1468435975131	addons.xpi	DEBUG	Updating database with changes to installed add-ons
1468435975131	addons.xpi-utils	DEBUG	Updating add-on states
1468435975132	addons.xpi-utils	DEBUG	Writing add-ons list
1468435975135	addons.xpi	DEBUG	Registering manifest for C:\Program Files (x86)\Mozilla Firefox\browser\features\e10srollout@mozilla.org.xpi
1468435975135	addons.xpi	DEBUG	Calling bootstrap method startup on e10srollout@mozilla.org version 1.0
1468435975135	addons.xpi	DEBUG	Registering manifest for C:\Program Files (x86)\Mozilla Firefox\browser\features\firefox@getpocket.com.xpi
1468435975136	addons.xpi	DEBUG	Calling bootstrap method startup on firefox@getpocket.com version 1.0.2
1468435975137	addons.xpi	DEBUG	Registering manifest for C:\Program Files (x86)\Mozilla Firefox\browser\features\loop@mozilla.org.xpi
1468435975137	addons.xpi	DEBUG	Calling bootstrap method startup on loop@mozilla.org version 1.3.2
1468435975153	addons.manager	DEBUG	Registering shutdown blocker for XPIProvider
1468435975154	addons.manager	DEBUG	Provider finished startup: XPIProvider
1468435975154	addons.manager	DEBUG	Starting provider: LightweightThemeManager
1468435975154	addons.manager	DEBUG	Registering shutdown blocker for LightweightThemeManager
1468435975154	addons.manager	DEBUG	Provider finished startup: LightweightThemeManager
1468435975154	addons.manager	DEBUG	Starting provider: GMPProvider
1468435975159	addons.manager	DEBUG	Registering shutdown blocker for GMPProvider
1468435975159	addons.manager	DEBUG	Provider finished startup: GMPProvider
1468435975159	addons.manager	DEBUG	Starting provider: PluginProvider
1468435975159	addons.manager	DEBUG	Registering shutdown blocker for PluginProvider
1468435975160	addons.manager	DEBUG	Provider finished startup: PluginProvider
1468435975160	addons.manager	DEBUG	Completed startup sequence
1468435975604	DeferredSave.extensions.json	DEBUG	Starting timer
1468435975616	addons.manager	DEBUG	Starting provider: &lt;unnamed-provider&gt;
1468435975616	addons.manager	DEBUG	Registering shutdown blocker for &lt;unnamed-provider&gt;
1468435975616	addons.manager	DEBUG	Provider finished startup: &lt;unnamed-provider&gt;
1468435975644	DeferredSave.extensions.json	DEBUG	Starting write
1468435975729	addons.repository	DEBUG	No addons.json found.
1468435975730	DeferredSave.addons.json	DEBUG	Save changes
1468435975732	DeferredSave.addons.json	DEBUG	Starting timer
1468435975773	addons.manager	DEBUG	Starting provider: PreviousExperimentProvider
1468435975773	addons.manager	DEBUG	Registering shutdown blocker for PreviousExperimentProvider
1468435975773	addons.manager	DEBUG	Provider finished startup: PreviousExperimentProvider
1468435975785	DeferredSave.extensions.json	DEBUG	Write succeeded
1468435975785	DeferredSave.addons.json	DEBUG	Starting write
1468435975844	DeferredSave.addons.json	DEBUG	Write succeeded

Build info: version: &#039;2.52.0&#039;, revision: &#039;4c2593cfc3689a7fcd7be52549167e5ccc93ad28&#039;, time: &#039;2016-02-11 11:22:43&#039;
System info: host: &#039;Lenovo-P&#039;, ip: &#039;192.168.1.167&#039;, os.name: &#039;Windows 10&#039;, os.arch: &#039;amd64&#039;, os.version: &#039;10.0&#039;, java.version: &#039;1.8.0_91&#039;
Driver info: driver.version: FirefoxDriver">
      <![CDATA[org.openqa.selenium.WebDriverException: Failed to connect to binary FirefoxBinary(C:\Program Files (x86)\Mozilla Firefox\firefox.exe) on port 7055; process output follows: 
":2,"seen":true}
1468435975131	addons.xpi	DEBUG	Updating XPIState for {"id":"sp@avast.com","syncGUID":"M8EqOzBfGuo1","location":"winreg-app-global","version":"10.3.5.39","type":"extension","internalName":null,"updateURL":null,"updateKey":null,"optionsURL":null,"optionsType":null,"aboutURL":null,"icons":{},"iconURL":"chrome://sp/content/common/skin/img/logo-safeprice-48.png","icon64URL":null,"defaultLocale":{"name":"Avast SafePrice","description":"Safe shopping extension","creator":"AVAST Software","homepageURL":"http://www.avast.com/"},"visible":true,"active":false,"userDisabled":true,"appDisabled":false,"descriptor":"C:\\Program Files\\AVAST Software\\Avast\\SafePrice\\FF","installDate":1465931782964,"updateDate":1465931782964,"applyBackgroundUpdates":1,"bootstrap":true,"skinnable":false,"size":1877359,"sourceURI":null,"releaseNotesURI":null,"softDisabled":false,"foreignInstall":true,"hasBinaryComponents":false,"strictCompatibility":false,"locales":[],"targetApplications":[{"id":"{ec8030f7-c20a-464f-9b0e-13a3a9e97384}","minVersion":"38.0a1","maxVersion":"43.0"}],"targetPlatforms":[],"multiprocessCompatible":false,"signedState":2,"seen":true}
1468435975131	DeferredSave.extensions.json	DEBUG	Save changes
1468435975131	addons.xpi	DEBUG	Updating database with changes to installed add-ons
1468435975131	addons.xpi-utils	DEBUG	Updating add-on states
1468435975132	addons.xpi-utils	DEBUG	Writing add-ons list
1468435975135	addons.xpi	DEBUG	Registering manifest for C:\Program Files (x86)\Mozilla Firefox\browser\features\e10srollout@mozilla.org.xpi
1468435975135	addons.xpi	DEBUG	Calling bootstrap method startup on e10srollout@mozilla.org version 1.0
1468435975135	addons.xpi	DEBUG	Registering manifest for C:\Program Files (x86)\Mozilla Firefox\browser\features\firefox@getpocket.com.xpi
1468435975136	addons.xpi	DEBUG	Calling bootstrap method startup on firefox@getpocket.com version 1.0.2
1468435975137	addons.xpi	DEBUG	Registering manifest for C:\Program Files (x86)\Mozilla Firefox\browser\features\loop@mozilla.org.xpi
1468435975137	addons.xpi	DEBUG	Calling bootstrap method startup on loop@mozilla.org version 1.3.2
1468435975153	addons.manager	DEBUG	Registering shutdown blocker for XPIProvider
1468435975154	addons.manager	DEBUG	Provider finished startup: XPIProvider
1468435975154	addons.manager	DEBUG	Starting provider: LightweightThemeManager
1468435975154	addons.manager	DEBUG	Registering shutdown blocker for LightweightThemeManager
1468435975154	addons.manager	DEBUG	Provider finished startup: LightweightThemeManager
1468435975154	addons.manager	DEBUG	Starting provider: GMPProvider
1468435975159	addons.manager	DEBUG	Registering shutdown blocker for GMPProvider
1468435975159	addons.manager	DEBUG	Provider finished startup: GMPProvider
1468435975159	addons.manager	DEBUG	Starting provider: PluginProvider
1468435975159	addons.manager	DEBUG	Registering shutdown blocker for PluginProvider
1468435975160	addons.manager	DEBUG	Provider finished startup: PluginProvider
1468435975160	addons.manager	DEBUG	Completed startup sequence
1468435975604	DeferredSave.extensions.json	DEBUG	Starting timer
1468435975616	addons.manager	DEBUG	Starting provider: <unnamed-provider>
1468435975616	addons.manager	DEBUG	Registering shutdown blocker for <unnamed-provider>
1468435975616	addons.manager	DEBUG	Provider finished startup: <unnamed-provider>
1468435975644	DeferredSave.extensions.json	DEBUG	Starting write
1468435975729	addons.repository	DEBUG	No addons.json found.
1468435975730	DeferredSave.addons.json	DEBUG	Save changes
1468435975732	DeferredSave.addons.json	DEBUG	Starting timer
1468435975773	addons.manager	DEBUG	Starting provider: PreviousExperimentProvider
1468435975773	addons.manager	DEBUG	Registering shutdown blocker for PreviousExperimentProvider
1468435975773	addons.manager	DEBUG	Provider finished startup: PreviousExperimentProvider
1468435975785	DeferredSave.extensions.json	DEBUG	Write succeeded
1468435975785	DeferredSave.addons.json	DEBUG	Starting write
1468435975844	DeferredSave.addons.json	DEBUG	Write succeeded

Build info: version: '2.52.0', revision: '4c2593cfc3689a7fcd7be52549167e5ccc93ad28', time: '2016-02-11 11:22:43'
System info: host: 'Lenovo-P', ip: '192.168.1.167', os.name: 'Windows 10', os.arch: 'amd64', os.version: '10.0', java.version: '1.8.0_91'
Driver info: driver.version: FirefoxDriver
	at org.openqa.selenium.firefox.internal.NewProfileExtensionConnection.start(NewProfileExtensionConnection.java:125)
	at org.openqa.selenium.firefox.FirefoxDriver.startClient(FirefoxDriver.java:271)
	at org.openqa.selenium.remote.RemoteWebDriver.<init>(RemoteWebDriver.java:119)
	at org.openqa.selenium.firefox.FirefoxDriver.<init>(FirefoxDriver.java:216)
	at org.openqa.selenium.firefox.FirefoxDriver.<init>(FirefoxDriver.java:211)
	at org.openqa.selenium.firefox.FirefoxDriver.<init>(FirefoxDriver.java:207)
	at org.openqa.selenium.firefox.FirefoxDriver.<init>(FirefoxDriver.java:120)
	at TravelBussiness.WebDriverTest.CarrierTest.setUp(CarrierTest.java:32)
	at sun.reflect.NativeMethodAccessorImpl.invoke0(Native Method)
	at sun.reflect.NativeMethodAccessorImpl.invoke(Unknown Source)
	at sun.reflect.DelegatingMethodAccessorImpl.invoke(Unknown Source)
	at java.lang.reflect.Method.invoke(Unknown Source)
	at org.testng.internal.MethodInvocationHelper.invokeMethod(MethodInvocationHelper.java:80)
	at org.testng.internal.Invoker.invokeConfigurationMethod(Invoker.java:564)
	at org.testng.internal.Invoker.invokeConfigurations(Invoker.java:213)
	at org.testng.internal.Invoker.invokeMethod(Invoker.java:653)
	at org.testng.internal.Invoker.invokeTestMethod(Invoker.java:901)
	at org.testng.internal.Invoker.invokeTestMethods(Invoker.java:1231)
	at org.testng.internal.TestMethodWorker.invokeTestMethods(TestMethodWorker.java:127)
	at org.testng.internal.TestMethodWorker.run(TestMethodWorker.java:111)
	at org.testng.TestRunner.privateRun(TestRunner.java:767)
	at org.testng.TestRunner.run(TestRunner.java:617)
	at org.testng.SuiteRunner.runTest(SuiteRunner.java:334)
	at org.testng.SuiteRunner.runSequentially(SuiteRunner.java:329)
	at org.testng.SuiteRunner.privateRun(SuiteRunner.java:291)
	at org.testng.SuiteRunner.run(SuiteRunner.java:240)
	at org.testng.SuiteRunnerWorker.runSuite(SuiteRunnerWorker.java:52)
	at org.testng.SuiteRunnerWorker.run(SuiteRunnerWorker.java:86)
	at org.testng.TestNG.runSuitesSequentially(TestNG.java:1198)
	at org.testng.TestNG.runSuitesLocally(TestNG.java:1123)
	at org.testng.TestNG.run(TestNG.java:1031)
	at org.testng.remote.RemoteTestNG.run(RemoteTestNG.java:115)
	at org.testng.remote.RemoteTestNG.initAndRun(RemoteTestNG.java:207)
	at org.testng.remote.RemoteTestNG.main(RemoteTestNG.java:178)
Caused by: org.openqa.selenium.firefox.NotConnectedException: Unable to connect to host 127.0.0.1 on port 7055 after 45000 ms. Firefox console output:
":2,"seen":true}
1468435975131	addons.xpi	DEBUG	Updating XPIState for {"id":"sp@avast.com","syncGUID":"M8EqOzBfGuo1","location":"winreg-app-global","version":"10.3.5.39","type":"extension","internalName":null,"updateURL":null,"updateKey":null,"optionsURL":null,"optionsType":null,"aboutURL":null,"icons":{},"iconURL":"chrome://sp/content/common/skin/img/logo-safeprice-48.png","icon64URL":null,"defaultLocale":{"name":"Avast SafePrice","description":"Safe shopping extension","creator":"AVAST Software","homepageURL":"http://www.avast.com/"},"visible":true,"active":false,"userDisabled":true,"appDisabled":false,"descriptor":"C:\\Program Files\\AVAST Software\\Avast\\SafePrice\\FF","installDate":1465931782964,"updateDate":1465931782964,"applyBackgroundUpdates":1,"bootstrap":true,"skinnable":false,"size":1877359,"sourceURI":null,"releaseNotesURI":null,"softDisabled":false,"foreignInstall":true,"hasBinaryComponents":false,"strictCompatibility":false,"locales":[],"targetApplications":[{"id":"{ec8030f7-c20a-464f-9b0e-13a3a9e97384}","minVersion":"38.0a1","maxVersion":"43.0"}],"targetPlatforms":[],"multiprocessCompatible":false,"signedState":2,"seen":true}
1468435975131	DeferredSave.extensions.json	DEBUG	Save changes
1468435975131	addons.xpi	DEBUG	Updating database with changes to installed add-ons
1468435975131	addons.xpi-utils	DEBUG	Updating add-on states
1468435975132	addons.xpi-utils	DEBUG	Writing add-ons list
1468435975135	addons.xpi	DEBUG	Registering manifest for C:\Program Files (x86)\Mozilla Firefox\browser\features\e10srollout@mozilla.org.xpi
1468435975135	addons.xpi	DEBUG	Calling bootstrap method startup on e10srollout@mozilla.org version 1.0
1468435975135	addons.xpi	DEBUG	Registering manifest for C:\Program Files (x86)\Mozilla Firefox\browser\features\firefox@getpocket.com.xpi
1468435975136	addons.xpi	DEBUG	Calling bootstrap method startup on firefox@getpocket.com version 1.0.2
1468435975137	addons.xpi	DEBUG	Registering manifest for C:\Program Files (x86)\Mozilla Firefox\browser\features\loop@mozilla.org.xpi
1468435975137	addons.xpi	DEBUG	Calling bootstrap method startup on loop@mozilla.org version 1.3.2
1468435975153	addons.manager	DEBUG	Registering shutdown blocker for XPIProvider
1468435975154	addons.manager	DEBUG	Provider finished startup: XPIProvider
1468435975154	addons.manager	DEBUG	Starting provider: LightweightThemeManager
1468435975154	addons.manager	DEBUG	Registering shutdown blocker for LightweightThemeManager
1468435975154	addons.manager	DEBUG	Provider finished startup: LightweightThemeManager
1468435975154	addons.manager	DEBUG	Starting provider: GMPProvider
1468435975159	addons.manager	DEBUG	Registering shutdown blocker for GMPProvider
1468435975159	addons.manager	DEBUG	Provider finished startup: GMPProvider
1468435975159	addons.manager	DEBUG	Starting provider: PluginProvider
1468435975159	addons.manager	DEBUG	Registering shutdown blocker for PluginProvider
1468435975160	addons.manager	DEBUG	Provider finished startup: PluginProvider
1468435975160	addons.manager	DEBUG	Completed startup sequence
1468435975604	DeferredSave.extensions.json	DEBUG	Starting timer
1468435975616	addons.manager	DEBUG	Starting provider: <unnamed-provider>
1468435975616	addons.manager	DEBUG	Registering shutdown blocker for <unnamed-provider>
1468435975616	addons.manager	DEBUG	Provider finished startup: <unnamed-provider>
1468435975644	DeferredSave.extensions.json	DEBUG	Starting write
1468435975729	addons.repository	DEBUG	No addons.json found.
1468435975730	DeferredSave.addons.json	DEBUG	Save changes
1468435975732	DeferredSave.addons.json	DEBUG	Starting timer
1468435975773	addons.manager	DEBUG	Starting provider: PreviousExperimentProvider
1468435975773	addons.manager	DEBUG	Registering shutdown blocker for PreviousExperimentProvider
1468435975773	addons.manager	DEBUG	Provider finished startup: PreviousExperimentProvider
1468435975785	DeferredSave.extensions.json	DEBUG	Write succeeded
1468435975785	DeferredSave.addons.json	DEBUG	Starting write
1468435975844	DeferredSave.addons.json	DEBUG	Write succeeded

	at org.openqa.selenium.firefox.internal.NewProfileExtensionConnection.start(NewProfileExtensionConnection.java:113)
	... 33 more
]]>
    </failure>
  </testcase> <!-- CreateCarrierTest -->
</testsuite> <!-- TravelBussiness.WebDriverTest.CarrierTest -->
