<?xml version="1.0" encoding="UTF-8"?>
<!-- Generated by org.testng.reporters.JUnitReportReporter -->
<testsuite hostname="Lenovo-P" name="TravelBussiness.WebDriverTest.Test2" tests="1" failures="0" timestamp="16 Aug 2016 18:19:18 GMT" time="11.494" errors="0">
  <testcase name="test" time="11.494" classname="TravelBussiness.WebDriverTest.Test2"/>
</testsuite> <!-- TravelBussiness.WebDriverTest.Test2 -->
